[0.098s] DEBUG:colcon:Command line arguments: ['/usr/bin/colcon', 'build', '--packages-select', 'ros2_launch_demo']
[0.098s] DEBUG:colcon:Parsed command line arguments: Namespace(log_base=None, log_level=None, verb_name='build', build_base='build', install_base='install', merge_install=False, symlink_install=False, test_result_base=None, continue_on_error=False, executor='parallel', parallel_workers=12, event_handlers=None, ignore_user_meta=False, metas=['./colcon.meta'], base_paths=['.'], packages_ignore=None, packages_ignore_regex=None, paths=None, packages_up_to=None, packages_up_to_regex=None, packages_above=None, packages_above_and_dependencies=None, packages_above_depth=None, packages_select_by_dep=None, packages_skip_by_dep=None, packages_skip_up_to=None, packages_select_build_failed=False, packages_skip_build_finished=False, packages_select_test_failures=False, packages_skip_test_passed=False, packages_select=['ros2_launch_demo'], packages_skip=None, packages_select_regex=None, packages_skip_regex=None, packages_start=None, packages_end=None, allow_overriding=[], cmake_args=None, cmake_target=None, cmake_target_skip_unavailable=False, cmake_clean_cache=False, cmake_clean_first=False, cmake_force_configure=False, ament_cmake_args=None, catkin_cmake_args=None, catkin_skip_building_tests=False, verb_parser=<colcon_defaults.argument_parser.defaults.DefaultArgumentsDecorator object at 0x7dd783f238c0>, verb_extension=<colcon_core.verb.build.BuildVerb object at 0x7dd784b96540>, main=<bound method BuildVerb.main of <colcon_core.verb.build.BuildVerb object at 0x7dd784b96540>>)
[0.137s] Level 1:colcon.colcon_core.package_discovery:discover_packages(colcon_meta) check parameters
[0.137s] Level 1:colcon.colcon_core.package_discovery:discover_packages(recursive) check parameters
[0.137s] Level 1:colcon.colcon_core.package_discovery:discover_packages(ignore) check parameters
[0.137s] Level 1:colcon.colcon_core.package_discovery:discover_packages(path) check parameters
[0.137s] Level 1:colcon.colcon_core.package_discovery:discover_packages(colcon_meta) discover
[0.137s] Level 1:colcon.colcon_core.package_discovery:discover_packages(recursive) discover
[0.137s] INFO:colcon.colcon_core.package_discovery:Crawling recursively for packages in '/home/jyothish/Desktop/assignment-ros2-launch-files-GoliJyothish'
[0.137s] Level 1:colcon.colcon_core.package_identification:_identify(.) by extensions ['ignore', 'ignore_ament_install']
[0.137s] Level 1:colcon.colcon_core.package_identification:_identify(.) by extension 'ignore'
[0.137s] Level 1:colcon.colcon_core.package_identification:_identify(.) by extension 'ignore_ament_install'
[0.137s] Level 1:colcon.colcon_core.package_identification:_identify(.) by extensions ['colcon_pkg']
[0.137s] Level 1:colcon.colcon_core.package_identification:_identify(.) by extension 'colcon_pkg'
[0.137s] Level 1:colcon.colcon_core.package_identification:_identify(.) by extensions ['colcon_meta']
[0.137s] Level 1:colcon.colcon_core.package_identification:_identify(.) by extension 'colcon_meta'
[0.137s] Level 1:colcon.colcon_core.package_identification:_identify(.) by extensions ['ros']
[0.137s] Level 1:colcon.colcon_core.package_identification:_identify(.) by extension 'ros'
[0.165s] DEBUG:colcon.colcon_core.package_identification:Package '.' with type 'ros.ament_cmake' and name 'ros2_launch_demo'
[0.165s] Level 1:colcon.colcon_core.package_discovery:discover_packages(recursive) using defaults
[0.165s] Level 1:colcon.colcon_core.package_discovery:discover_packages(ignore) discover
[0.165s] Level 1:colcon.colcon_core.package_discovery:discover_packages(ignore) using defaults
[0.165s] Level 1:colcon.colcon_core.package_discovery:discover_packages(path) discover
[0.165s] Level 1:colcon.colcon_core.package_discovery:discover_packages(path) using defaults
[0.182s] Level 1:colcon.colcon_core.package_discovery:discover_packages(prefix_path) check parameters
[0.182s] Level 1:colcon.colcon_core.package_discovery:discover_packages(prefix_path) discover
[0.184s] WARNING:colcon.colcon_core.prefix_path.colcon:The path '/home/jyothish/Desktop/ros2-custom-messages-GoliJyothish/install' in the environment variable COLCON_PREFIX_PATH doesn't exist
[0.184s] WARNING:colcon.colcon_ros.prefix_path.ament:The path '/home/jyothish/Desktop/ros2-custom-messages-GoliJyothish/install/ros2_custom_msgs' in the environment variable AMENT_PREFIX_PATH doesn't exist
[0.184s] WARNING:colcon.colcon_ros.prefix_path.catkin:The path '/home/jyothish/Desktop/ros2-custom-messages-GoliJyothish/install/ros2_custom_msgs' in the environment variable CMAKE_PREFIX_PATH doesn't exist
[0.187s] DEBUG:colcon.colcon_installed_package_information.package_discovery:Found 286 installed packages in /opt/ros/jazzy
[0.189s] Level 1:colcon.colcon_core.package_discovery:discover_packages(prefix_path) using defaults
[0.234s] Level 5:colcon.colcon_core.verb:set package 'ros2_launch_demo' build argument 'cmake_args' from command line to 'None'
[0.234s] Level 5:colcon.colcon_core.verb:set package 'ros2_launch_demo' build argument 'cmake_target' from command line to 'None'
[0.235s] Level 5:colcon.colcon_core.verb:set package 'ros2_launch_demo' build argument 'cmake_target_skip_unavailable' from command line to 'False'
[0.235s] Level 5:colcon.colcon_core.verb:set package 'ros2_launch_demo' build argument 'cmake_clean_cache' from command line to 'False'
[0.235s] Level 5:colcon.colcon_core.verb:set package 'ros2_launch_demo' build argument 'cmake_clean_first' from command line to 'False'
[0.235s] Level 5:colcon.colcon_core.verb:set package 'ros2_launch_demo' build argument 'cmake_force_configure' from command line to 'False'
[0.235s] Level 5:colcon.colcon_core.verb:set package 'ros2_launch_demo' build argument 'ament_cmake_args' from command line to 'None'
[0.235s] Level 5:colcon.colcon_core.verb:set package 'ros2_launch_demo' build argument 'catkin_cmake_args' from command line to 'None'
[0.235s] Level 5:colcon.colcon_core.verb:set package 'ros2_launch_demo' build argument 'catkin_skip_building_tests' from command line to 'False'
[0.235s] DEBUG:colcon.colcon_core.verb:Building package 'ros2_launch_demo' with the following arguments: {'ament_cmake_args': None, 'build_base': '/home/jyothish/Desktop/assignment-ros2-launch-files-GoliJyothish/build/ros2_launch_demo', 'catkin_cmake_args': None, 'catkin_skip_building_tests': False, 'cmake_args': None, 'cmake_clean_cache': False, 'cmake_clean_first': False, 'cmake_force_configure': False, 'cmake_target': None, 'cmake_target_skip_unavailable': False, 'install_base': '/home/jyothish/Desktop/assignment-ros2-launch-files-GoliJyothish/install/ros2_launch_demo', 'merge_install': False, 'path': '/home/jyothish/Desktop/assignment-ros2-launch-files-GoliJyothish', 'symlink_install': False, 'test_result_base': None}
[0.235s] INFO:colcon.colcon_core.executor:Executing jobs using 'parallel' executor
[0.236s] DEBUG:colcon.colcon_parallel_executor.executor.parallel:run_until_complete
[0.236s] INFO:colcon.colcon_ros.task.ament_cmake.build:Building ROS package in '/home/jyothish/Desktop/assignment-ros2-launch-files-GoliJyothish' with build type 'ament_cmake'
[0.236s] INFO:colcon.colcon_cmake.task.cmake.build:Building CMake package in '/home/jyothish/Desktop/assignment-ros2-launch-files-GoliJyothish'
[0.238s] INFO:colcon.colcon_core.plugin_system:Skipping extension 'colcon_core.shell.bat': Not used on non-Windows systems
[0.238s] INFO:colcon.colcon_core.shell:Skip shell extension 'powershell' for command environment: Not usable outside of PowerShell
[0.238s] DEBUG:colcon.colcon_core.shell:Skip shell extension 'dsv' for command environment
[0.248s] DEBUG:colcon.colcon_core.event_handler.log_command:Invoking command in '/home/jyothish/Desktop/assignment-ros2-launch-files-GoliJyothish/build/ros2_launch_demo': CMAKE_PREFIX_PATH=${CMAKE_PREFIX_PATH}:/opt/ros/jazzy DEBUGINFOD_URLS=https://debuginfod.ubuntu.com /usr/bin/cmake /home/jyothish/Desktop/assignment-ros2-launch-files-GoliJyothish -DCMAKE_INSTALL_PREFIX=/home/jyothish/Desktop/assignment-ros2-launch-files-GoliJyothish/install/ros2_launch_demo
[1.717s] DEBUG:colcon.colcon_core.event_handler.log_command:Invoked command in '/home/jyothish/Desktop/assignment-ros2-launch-files-GoliJyothish/build/ros2_launch_demo' returned '0': CMAKE_PREFIX_PATH=${CMAKE_PREFIX_PATH}:/opt/ros/jazzy DEBUGINFOD_URLS=https://debuginfod.ubuntu.com /usr/bin/cmake /home/jyothish/Desktop/assignment-ros2-launch-files-GoliJyothish -DCMAKE_INSTALL_PREFIX=/home/jyothish/Desktop/assignment-ros2-launch-files-GoliJyothish/install/ros2_launch_demo
[1.719s] DEBUG:colcon.colcon_core.event_handler.log_command:Invoking command in '/home/jyothish/Desktop/assignment-ros2-launch-files-GoliJyothish/build/ros2_launch_demo': CMAKE_PREFIX_PATH=${CMAKE_PREFIX_PATH}:/opt/ros/jazzy DEBUGINFOD_URLS=https://debuginfod.ubuntu.com /usr/bin/cmake --build /home/jyothish/Desktop/assignment-ros2-launch-files-GoliJyothish/build/ros2_launch_demo -- -j12 -l12
[9.864s] DEBUG:colcon.colcon_core.event_handler.log_command:Invoked command in '/home/jyothish/Desktop/assignment-ros2-launch-files-GoliJyothish/build/ros2_launch_demo' returned '0': CMAKE_PREFIX_PATH=${CMAKE_PREFIX_PATH}:/opt/ros/jazzy DEBUGINFOD_URLS=https://debuginfod.ubuntu.com /usr/bin/cmake --build /home/jyothish/Desktop/assignment-ros2-launch-files-GoliJyothish/build/ros2_launch_demo -- -j12 -l12
[9.878s] DEBUG:colcon.colcon_core.event_handler.log_command:Invoking command in '/home/jyothish/Desktop/assignment-ros2-launch-files-GoliJyothish/build/ros2_launch_demo': CMAKE_PREFIX_PATH=${CMAKE_PREFIX_PATH}:/opt/ros/jazzy DEBUGINFOD_URLS=https://debuginfod.ubuntu.com /usr/bin/cmake --install /home/jyothish/Desktop/assignment-ros2-launch-files-GoliJyothish/build/ros2_launch_demo
[9.900s] Level 1:colcon.colcon_core.environment:create_environment_scripts_only(ros2_launch_demo)
[9.900s] DEBUG:colcon.colcon_core.event_handler.log_command:Invoked command in '/home/jyothish/Desktop/assignment-ros2-launch-files-GoliJyothish/build/ros2_launch_demo' returned '0': CMAKE_PREFIX_PATH=${CMAKE_PREFIX_PATH}:/opt/ros/jazzy DEBUGINFOD_URLS=https://debuginfod.ubuntu.com /usr/bin/cmake --install /home/jyothish/Desktop/assignment-ros2-launch-files-GoliJyothish/build/ros2_launch_demo
[9.904s] Level 1:colcon.colcon_core.environment:checking '/home/jyothish/Desktop/assignment-ros2-launch-files-GoliJyothish/install/ros2_launch_demo' for CMake module files
[9.905s] Level 1:colcon.colcon_core.environment:checking '/home/jyothish/Desktop/assignment-ros2-launch-files-GoliJyothish/install/ros2_launch_demo' for CMake config files
[9.906s] Level 1:colcon.colcon_core.shell:create_environment_hook('ros2_launch_demo', 'cmake_prefix_path')
[9.906s] INFO:colcon.colcon_core.shell:Creating environment hook '/home/jyothish/Desktop/assignment-ros2-launch-files-GoliJyothish/install/ros2_launch_demo/share/ros2_launch_demo/hook/cmake_prefix_path.ps1'
[9.907s] INFO:colcon.colcon_core.shell:Creating environment descriptor '/home/jyothish/Desktop/assignment-ros2-launch-files-GoliJyothish/install/ros2_launch_demo/share/ros2_launch_demo/hook/cmake_prefix_path.dsv'
[9.908s] INFO:colcon.colcon_core.shell:Creating environment hook '/home/jyothish/Desktop/assignment-ros2-launch-files-GoliJyothish/install/ros2_launch_demo/share/ros2_launch_demo/hook/cmake_prefix_path.sh'
[9.910s] Level 1:colcon.colcon_core.environment:checking '/home/jyothish/Desktop/assignment-ros2-launch-files-GoliJyothish/install/ros2_launch_demo/lib'
[9.910s] Level 1:colcon.colcon_core.environment:checking '/home/jyothish/Desktop/assignment-ros2-launch-files-GoliJyothish/install/ros2_launch_demo/bin'
[9.911s] Level 1:colcon.colcon_core.environment:checking '/home/jyothish/Desktop/assignment-ros2-launch-files-GoliJyothish/install/ros2_launch_demo/lib/pkgconfig/ros2_launch_demo.pc'
[9.911s] Level 1:colcon.colcon_core.environment:checking '/home/jyothish/Desktop/assignment-ros2-launch-files-GoliJyothish/install/ros2_launch_demo/lib/python3.12/site-packages'
[9.912s] Level 1:colcon.colcon_core.environment:checking '/home/jyothish/Desktop/assignment-ros2-launch-files-GoliJyothish/install/ros2_launch_demo/bin'
[9.912s] INFO:colcon.colcon_core.shell:Creating package script '/home/jyothish/Desktop/assignment-ros2-launch-files-GoliJyothish/install/ros2_launch_demo/share/ros2_launch_demo/package.ps1'
[9.913s] INFO:colcon.colcon_core.shell:Creating package descriptor '/home/jyothish/Desktop/assignment-ros2-launch-files-GoliJyothish/install/ros2_launch_demo/share/ros2_launch_demo/package.dsv'
[9.914s] INFO:colcon.colcon_core.shell:Creating package script '/home/jyothish/Desktop/assignment-ros2-launch-files-GoliJyothish/install/ros2_launch_demo/share/ros2_launch_demo/package.sh'
[9.915s] INFO:colcon.colcon_core.shell:Creating package script '/home/jyothish/Desktop/assignment-ros2-launch-files-GoliJyothish/install/ros2_launch_demo/share/ros2_launch_demo/package.bash'
[9.916s] INFO:colcon.colcon_core.shell:Creating package script '/home/jyothish/Desktop/assignment-ros2-launch-files-GoliJyothish/install/ros2_launch_demo/share/ros2_launch_demo/package.zsh'
[9.917s] Level 1:colcon.colcon_core.environment:create_file_with_runtime_dependencies(/home/jyothish/Desktop/assignment-ros2-launch-files-GoliJyothish/install/ros2_launch_demo/share/colcon-core/packages/ros2_launch_demo)
[9.919s] Level 1:colcon.colcon_core.environment:create_environment_scripts_only(ros2_launch_demo)
[9.919s] Level 1:colcon.colcon_core.environment:checking '/home/jyothish/Desktop/assignment-ros2-launch-files-GoliJyothish/install/ros2_launch_demo' for CMake module files
[9.920s] Level 1:colcon.colcon_core.environment:checking '/home/jyothish/Desktop/assignment-ros2-launch-files-GoliJyothish/install/ros2_launch_demo' for CMake config files
[9.921s] Level 1:colcon.colcon_core.shell:create_environment_hook('ros2_launch_demo', 'cmake_prefix_path')
[9.921s] INFO:colcon.colcon_core.shell:Creating environment hook '/home/jyothish/Desktop/assignment-ros2-launch-files-GoliJyothish/install/ros2_launch_demo/share/ros2_launch_demo/hook/cmake_prefix_path.ps1'
[9.922s] INFO:colcon.colcon_core.shell:Creating environment descriptor '/home/jyothish/Desktop/assignment-ros2-launch-files-GoliJyothish/install/ros2_launch_demo/share/ros2_launch_demo/hook/cmake_prefix_path.dsv'
[9.923s] INFO:colcon.colcon_core.shell:Creating environment hook '/home/jyothish/Desktop/assignment-ros2-launch-files-GoliJyothish/install/ros2_launch_demo/share/ros2_launch_demo/hook/cmake_prefix_path.sh'
[9.924s] Level 1:colcon.colcon_core.environment:checking '/home/jyothish/Desktop/assignment-ros2-launch-files-GoliJyothish/install/ros2_launch_demo/lib'
[9.924s] Level 1:colcon.colcon_core.environment:checking '/home/jyothish/Desktop/assignment-ros2-launch-files-GoliJyothish/install/ros2_launch_demo/bin'
[9.924s] Level 1:colcon.colcon_core.environment:checking '/home/jyothish/Desktop/assignment-ros2-launch-files-GoliJyothish/install/ros2_launch_demo/lib/pkgconfig/ros2_launch_demo.pc'
[9.925s] Level 1:colcon.colcon_core.environment:checking '/home/jyothish/Desktop/assignment-ros2-launch-files-GoliJyothish/install/ros2_launch_demo/lib/python3.12/site-packages'
[9.925s] Level 1:colcon.colcon_core.environment:checking '/home/jyothish/Desktop/assignment-ros2-launch-files-GoliJyothish/install/ros2_launch_demo/bin'
[9.926s] INFO:colcon.colcon_core.shell:Creating package script '/home/jyothish/Desktop/assignment-ros2-launch-files-GoliJyothish/install/ros2_launch_demo/share/ros2_launch_demo/package.ps1'
[9.927s] INFO:colcon.colcon_core.shell:Creating package descriptor '/home/jyothish/Desktop/assignment-ros2-launch-files-GoliJyothish/install/ros2_launch_demo/share/ros2_launch_demo/package.dsv'
[9.928s] INFO:colcon.colcon_core.shell:Creating package script '/home/jyothish/Desktop/assignment-ros2-launch-files-GoliJyothish/install/ros2_launch_demo/share/ros2_launch_demo/package.sh'
[9.929s] INFO:colcon.colcon_core.shell:Creating package script '/home/jyothish/Desktop/assignment-ros2-launch-files-GoliJyothish/install/ros2_launch_demo/share/ros2_launch_demo/package.bash'
[9.930s] INFO:colcon.colcon_core.shell:Creating package script '/home/jyothish/Desktop/assignment-ros2-launch-files-GoliJyothish/install/ros2_launch_demo/share/ros2_launch_demo/package.zsh'
[9.930s] Level 1:colcon.colcon_core.environment:create_file_with_runtime_dependencies(/home/jyothish/Desktop/assignment-ros2-launch-files-GoliJyothish/install/ros2_launch_demo/share/colcon-core/packages/ros2_launch_demo)
[9.931s] DEBUG:colcon.colcon_parallel_executor.executor.parallel:closing loop
[9.932s] DEBUG:colcon.colcon_parallel_executor.executor.parallel:loop closed
[9.932s] DEBUG:colcon.colcon_parallel_executor.executor.parallel:run_until_complete finished with '0'
[9.932s] DEBUG:colcon.colcon_core.event_reactor:joining thread
[9.943s] INFO:colcon.colcon_core.plugin_system:Skipping extension 'colcon_notification.desktop_notification.terminal_notifier': Not used on non-Darwin systems
[9.943s] INFO:colcon.colcon_core.plugin_system:Skipping extension 'colcon_notification.desktop_notification.win32': Not used on non-Windows systems
[9.943s] INFO:colcon.colcon_notification.desktop_notification:Sending desktop notification using 'notify2'
[9.959s] DEBUG:colcon.colcon_core.event_reactor:joined thread
[9.959s] INFO:colcon.colcon_core.shell:Creating prefix script '/home/jyothish/Desktop/assignment-ros2-launch-files-GoliJyothish/install/local_setup.ps1'
[9.961s] INFO:colcon.colcon_core.shell:Creating prefix util module '/home/jyothish/Desktop/assignment-ros2-launch-files-GoliJyothish/install/_local_setup_util_ps1.py'
[9.963s] INFO:colcon.colcon_core.shell:Creating prefix chain script '/home/jyothish/Desktop/assignment-ros2-launch-files-GoliJyothish/install/setup.ps1'
[9.965s] INFO:colcon.colcon_core.shell:Creating prefix script '/home/jyothish/Desktop/assignment-ros2-launch-files-GoliJyothish/install/local_setup.sh'
[9.966s] INFO:colcon.colcon_core.shell:Creating prefix util module '/home/jyothish/Desktop/assignment-ros2-launch-files-GoliJyothish/install/_local_setup_util_sh.py'
[9.967s] INFO:colcon.colcon_core.shell:Creating prefix chain script '/home/jyothish/Desktop/assignment-ros2-launch-files-GoliJyothish/install/setup.sh'
[9.968s] INFO:colcon.colcon_core.shell:Creating prefix script '/home/jyothish/Desktop/assignment-ros2-launch-files-GoliJyothish/install/local_setup.bash'
[9.969s] INFO:colcon.colcon_core.shell:Creating prefix chain script '/home/jyothish/Desktop/assignment-ros2-launch-files-GoliJyothish/install/setup.bash'
[9.970s] INFO:colcon.colcon_core.shell:Creating prefix script '/home/jyothish/Desktop/assignment-ros2-launch-files-GoliJyothish/install/local_setup.zsh'
[9.971s] INFO:colcon.colcon_core.shell:Creating prefix chain script '/home/jyothish/Desktop/assignment-ros2-launch-files-GoliJyothish/install/setup.zsh'
